d:\dum\courses\ben cook\computer graphics with modern opengl and c++\course\01 introduction\my code\01 dummy proj\openglcourseapp\openglcourseapp\debug\vc140.pdb
d:\dum\courses\ben cook\computer graphics with modern opengl and c++\course\01 introduction\my code\01 dummy proj\openglcourseapp\openglcourseapp\debug\vc140.idb
d:\dum\courses\ben cook\computer graphics with modern opengl and c++\course\01 introduction\my code\01 dummy proj\openglcourseapp\openglcourseapp\debug\main.obj
d:\dum\courses\ben cook\computer graphics with modern opengl and c++\course\02 beginner\my code\03 transformation - translation\openglcourseapp\debug\vc140.pdb
d:\dum\courses\ben cook\computer graphics with modern opengl and c++\course\02 beginner\my code\03 transformation - translation\openglcourseapp\debug\vc140.idb
d:\dum\courses\ben cook\computer graphics with modern opengl and c++\course\02 beginner\my code\03 transformation - translation\openglcourseapp\debug\main.obj
d:\dum\courses\ben cook\computer graphics with modern opengl and c++\course\02 beginner\my code\04 transformation - rotation\openglcourseapp\debug\vc140.pdb
d:\dum\courses\ben cook\computer graphics with modern opengl and c++\course\02 beginner\my code\04 transformation - rotation\openglcourseapp\debug\vc140.idb
d:\dum\courses\ben cook\computer graphics with modern opengl and c++\course\02 beginner\my code\04 transformation - rotation\openglcourseapp\debug\main.obj
d:\dum\courses\ben cook\computer graphics with modern opengl and c++\course\02 beginner\my code\05 transformation - scaling\openglcourseapp\debug\vc140.pdb
d:\dum\courses\ben cook\computer graphics with modern opengl and c++\course\02 beginner\my code\05 transformation - scaling\openglcourseapp\debug\vc140.idb
d:\dum\courses\ben cook\computer graphics with modern opengl and c++\course\02 beginner\my code\05 transformation - scaling\openglcourseapp\debug\main.obj
d:\dum\courses\ben cook\computer graphics with modern opengl and c++\course\02 beginner\my code\06 interpolation\openglcourseapp\debug\vc140.pdb
d:\dum\courses\ben cook\computer graphics with modern opengl and c++\course\02 beginner\my code\06 interpolation\openglcourseapp\debug\vc140.idb
d:\dum\courses\ben cook\computer graphics with modern opengl and c++\course\02 beginner\my code\06 interpolation\openglcourseapp\debug\main.obj
d:\dum\courses\ben cook\computer graphics with modern opengl and c++\course\02 beginner\my code\07 indexed draws\openglcourseapp\debug\vc140.pdb
d:\dum\courses\ben cook\computer graphics with modern opengl and c++\course\02 beginner\my code\07 indexed draws\openglcourseapp\debug\vc140.idb
d:\dum\courses\ben cook\computer graphics with modern opengl and c++\course\02 beginner\my code\07 indexed draws\openglcourseapp\debug\main.obj
d:\dum\courses\ben cook\computer graphics with modern opengl and c++\course\02 beginner\my code\08 projections\openglcourseapp\debug\vc140.pdb
d:\dum\courses\ben cook\computer graphics with modern opengl and c++\course\02 beginner\my code\08 projections\openglcourseapp\debug\vc140.idb
d:\dum\courses\ben cook\computer graphics with modern opengl and c++\course\02 beginner\my code\08 projections\openglcourseapp\debug\main.obj
d:\dum\courses\ben cook\computer graphics with modern opengl and c++\course\02 beginner\my code\09 clean up\openglcourseapp\debug\vc140.pdb
d:\dum\courses\ben cook\computer graphics with modern opengl and c++\course\02 beginner\my code\09 clean up\openglcourseapp\debug\vc140.idb
d:\dum\courses\ben cook\computer graphics with modern opengl and c++\course\02 beginner\my code\09 clean up\openglcourseapp\debug\main.obj
d:\dum\courses\ben cook\computer graphics with modern opengl and c++\course\02 beginner\my code\09 clean up\openglcourseapp\debug\mesh.obj
d:\dum\courses\ben cook\computer graphics with modern opengl and c++\course\01 introduction\my code\01 dummy proj\openglcourseapp\debug\openglcourseapp.ilk
d:\dum\courses\ben cook\computer graphics with modern opengl and c++\course\01 introduction\my code\01 dummy proj\openglcourseapp\debug\openglcourseapp.exe
d:\dum\courses\ben cook\computer graphics with modern opengl and c++\course\01 introduction\my code\01 dummy proj\openglcourseapp\debug\openglcourseapp.pdb
d:\dum\courses\ben cook\computer graphics with modern opengl and c++\course\02 beginner\my code\03 transformation - translation\debug\openglcourseapp.ilk
d:\dum\courses\ben cook\computer graphics with modern opengl and c++\course\02 beginner\my code\03 transformation - translation\debug\openglcourseapp.exe
d:\dum\courses\ben cook\computer graphics with modern opengl and c++\course\02 beginner\my code\03 transformation - translation\debug\openglcourseapp.pdb
d:\dum\courses\ben cook\computer graphics with modern opengl and c++\course\02 beginner\my code\04 transformation - rotation\debug\openglcourseapp.ilk
d:\dum\courses\ben cook\computer graphics with modern opengl and c++\course\02 beginner\my code\04 transformation - rotation\debug\openglcourseapp.exe
d:\dum\courses\ben cook\computer graphics with modern opengl and c++\course\02 beginner\my code\04 transformation - rotation\debug\openglcourseapp.pdb
d:\dum\courses\ben cook\computer graphics with modern opengl and c++\course\02 beginner\my code\05 transformation - scaling\debug\openglcourseapp.ilk
d:\dum\courses\ben cook\computer graphics with modern opengl and c++\course\02 beginner\my code\05 transformation - scaling\debug\openglcourseapp.exe
d:\dum\courses\ben cook\computer graphics with modern opengl and c++\course\02 beginner\my code\05 transformation - scaling\debug\openglcourseapp.pdb
d:\dum\courses\ben cook\computer graphics with modern opengl and c++\course\02 beginner\my code\06 interpolation\debug\openglcourseapp.ilk
d:\dum\courses\ben cook\computer graphics with modern opengl and c++\course\02 beginner\my code\06 interpolation\debug\openglcourseapp.exe
d:\dum\courses\ben cook\computer graphics with modern opengl and c++\course\02 beginner\my code\06 interpolation\debug\openglcourseapp.pdb
d:\dum\courses\ben cook\computer graphics with modern opengl and c++\course\02 beginner\my code\07 indexed draws\debug\openglcourseapp.ilk
d:\dum\courses\ben cook\computer graphics with modern opengl and c++\course\02 beginner\my code\07 indexed draws\debug\openglcourseapp.exe
d:\dum\courses\ben cook\computer graphics with modern opengl and c++\course\02 beginner\my code\07 indexed draws\debug\openglcourseapp.pdb
d:\dum\courses\ben cook\computer graphics with modern opengl and c++\course\02 beginner\my code\08 projections\debug\openglcourseapp.ilk
d:\dum\courses\ben cook\computer graphics with modern opengl and c++\course\02 beginner\my code\08 projections\debug\openglcourseapp.exe
d:\dum\courses\ben cook\computer graphics with modern opengl and c++\course\02 beginner\my code\08 projections\debug\openglcourseapp.pdb
d:\dum\courses\ben cook\computer graphics with modern opengl and c++\course\02 beginner\my code\09 clean up\debug\openglcourseapp.ilk
d:\dum\courses\ben cook\computer graphics with modern opengl and c++\course\02 beginner\my code\09 clean up\debug\openglcourseapp.exe
d:\dum\courses\ben cook\computer graphics with modern opengl and c++\course\02 beginner\my code\09 clean up\debug\openglcourseapp.pdb
d:\dum\courses\ben cook\computer graphics with modern opengl and c++\course\02 beginner\my code\09 clean up\openglcourseapp\debug\openglcourseapp.tlog\cl.command.1.tlog
d:\dum\courses\ben cook\computer graphics with modern opengl and c++\course\02 beginner\my code\09 clean up\openglcourseapp\debug\openglcourseapp.tlog\cl.read.1.tlog
d:\dum\courses\ben cook\computer graphics with modern opengl and c++\course\02 beginner\my code\09 clean up\openglcourseapp\debug\openglcourseapp.tlog\cl.write.1.tlog
d:\dum\courses\ben cook\computer graphics with modern opengl and c++\course\02 beginner\my code\09 clean up\openglcourseapp\debug\openglcourseapp.tlog\link.command.1.tlog
d:\dum\courses\ben cook\computer graphics with modern opengl and c++\course\02 beginner\my code\09 clean up\openglcourseapp\debug\openglcourseapp.tlog\link.read.1.tlog
d:\dum\courses\ben cook\computer graphics with modern opengl and c++\course\02 beginner\my code\09 clean up\openglcourseapp\debug\openglcourseapp.tlog\link.write.1.tlog
