  Window.cpp
d:\dum\courses\ben cook\computer graphics with modern opengl and c++\course\04 intermediate\my code\01 texture mapping\openglcourseapp\window.h(16): warning C4244: 'return': conversion from 'GLint' to 'GLfloat', possible loss of data
d:\dum\courses\ben cook\computer graphics with modern opengl and c++\course\04 intermediate\my code\01 texture mapping\openglcourseapp\window.h(17): warning C4244: 'return': conversion from 'GLint' to 'GLfloat', possible loss of data
d:\dum\courses\ben cook\computer graphics with modern opengl and c++\course\04 intermediate\my code\01 texture mapping\openglcourseapp\window.h(19): warning C4800: 'int': forcing value to bool 'true' or 'false' (performance warning)
d:\dum\courses\ben cook\computer graphics with modern opengl and c++\course\04 intermediate\my code\01 texture mapping\openglcourseapp\window.cpp(142): warning C4244: '=': conversion from 'double' to 'GLfloat', possible loss of data
d:\dum\courses\ben cook\computer graphics with modern opengl and c++\course\04 intermediate\my code\01 texture mapping\openglcourseapp\window.cpp(143): warning C4244: '=': conversion from 'double' to 'GLfloat', possible loss of data
d:\dum\courses\ben cook\computer graphics with modern opengl and c++\course\04 intermediate\my code\01 texture mapping\openglcourseapp\window.cpp(147): warning C4244: '=': conversion from 'double' to 'GLfloat', possible loss of data
d:\dum\courses\ben cook\computer graphics with modern opengl and c++\course\04 intermediate\my code\01 texture mapping\openglcourseapp\window.cpp(148): warning C4244: '=': conversion from 'double' to 'GLfloat', possible loss of data
d:\dum\courses\ben cook\computer graphics with modern opengl and c++\course\04 intermediate\my code\01 texture mapping\openglcourseapp\window.cpp(150): warning C4244: '=': conversion from 'double' to 'GLfloat', possible loss of data
d:\dum\courses\ben cook\computer graphics with modern opengl and c++\course\04 intermediate\my code\01 texture mapping\openglcourseapp\window.cpp(151): warning C4244: '=': conversion from 'double' to 'GLfloat', possible loss of data
  Texture.cpp
  Shader.cpp
  mesh.cpp
  main.cpp
d:\dum\courses\ben cook\computer graphics with modern opengl and c++\course\04 intermediate\my code\01 texture mapping\openglcourseapp\window.h(16): warning C4244: 'return': conversion from 'GLint' to 'GLfloat', possible loss of data
d:\dum\courses\ben cook\computer graphics with modern opengl and c++\course\04 intermediate\my code\01 texture mapping\openglcourseapp\window.h(17): warning C4244: 'return': conversion from 'GLint' to 'GLfloat', possible loss of data
d:\dum\courses\ben cook\computer graphics with modern opengl and c++\course\04 intermediate\my code\01 texture mapping\openglcourseapp\window.h(19): warning C4800: 'int': forcing value to bool 'true' or 'false' (performance warning)
d:\dum\courses\ben cook\computer graphics with modern opengl and c++\course\04 intermediate\my code\01 texture mapping\openglcourseapp\main.cpp(100): warning C4244: 'initializing': conversion from 'double' to 'GLfloat', possible loss of data
  Camera.cpp
  Generating Code...
LINK : warning LNK4098: defaultlib 'MSVCRT' conflicts with use of other libs; use /NODEFAULTLIB:library
  OpenGLCourseApp.vcxproj -> D:\dum\courses\Ben Cook\Computer Graphics with Modern OpenGL and C++\course\04 Intermediate\my code\01 Texture mapping\Debug\OpenGLCourseApp.exe
  OpenGLCourseApp.vcxproj -> D:\dum\courses\Ben Cook\Computer Graphics with Modern OpenGL and C++\course\04 Intermediate\my code\01 Texture mapping\Debug\OpenGLCourseApp.pdb (Full PDB)
